{"content": {"suites": {"0": {"status": {"total_pass": 0, "total_skip": 0, "total_xpass": 0, "total_xfail": 0, "total_rerun": 0, "total_fail": 1, "total_error": 0}, "tests": {"0": {"status": "FAIL", "message": "   selenium.common.exceptions.NoSuchElementException: Message: no such element: Unable to locate element: {\"method\":\"css selector\",\"selector\":\"[id=\"heartland-frame-cardNumber\"]\"}\n     (Session info: chrome=106.0.5249.103)\n   Stacktrace:\n   Backtrace:\n   \tOrdinal0 [0x002E1ED3+2236115]\n   \tOrdinal0 [0x002792F1+1807089]\n   \tOrdinal0 [0x001866FD+812797]\n   \tOrdinal0 [0x001B55DF+1005023]\n   \tOrdinal0 [0x001B57CB+1005515]\n   \tOrdinal0 [0x001E7632+1209906]\n   \tOrdinal0 [0x001D1AD4+1120980]\n   \tOrdinal0 [0x001E59E2+1202658]\n   \tOrdinal0 [0x001D18A6+1120422]\n   \tOrdinal0 [0x001AA73D+960317]\n   \tOrdinal0 [0x001AB71F+964383]\n   \tGetHandleVerifier [0x0058E7E2+2743074]\n   \tGetHandleVerifier [0x005808D4+2685972]\n   \tGetHandleVerifier [0x00372BAA+532202]\n   \tGetHandleVerifier [0x00371990+527568]\n   \tOrdinal0 [0x0028080C+1837068]\n   \tOrdinal0 [0x00284CD8+1854680]\n   \tOrdinal0 [0x00284DC5+1854917]\n   \tOrdinal0 [0x0028ED64+1895780]\n   \tBaseThreadInitThunk [0x75D06739+25]\n   \tRtlGetFullPathName_UEx [0x77AD8FD2+1218]\n   \tRtlGetFullPathName_UEx [0x77AD8F9D+1165]\n   \t(No symbol) [0x00000000]\n   selenium.common.exceptions.NoSuchElementException: Message: no such element: Unable to locate element: {\"method\":\"css selector\",\"selector\":\"[name=\"heartland-frame-cardNumber\"]\"}\n     (Session info: chrome=106.0.5249.103)\n   Stacktrace:\n   Backtrace:\n   \tOrdinal0 [0x002E1ED3+2236115]\n   \tOrdinal0 [0x002792F1+1807089]\n   \tOrdinal0 [0x001866FD+812797]\n   \tOrdinal0 [0x001B55DF+1005023]\n   \tOrdinal0 [0x001B57CB+1005515]\n   \tOrdinal0 [0x001E7632+1209906]\n   \tOrdinal0 [0x001D1AD4+1120980]\n   \tOrdinal0 [0x001E59E2+1202658]\n   \tOrdinal0 [0x001D18A6+1120422]\n   \tOrdinal0 [0x001AA73D+960317]\n   \tOrdinal0 [0x001AB71F+964383]\n   \tGetHandleVerifier [0x0058E7E2+2743074]\n   \tGetHandleVerifier [0x005808D4+2685972]\n   \tGetHandleVerifier [0x00372BAA+532202]\n   \tGetHandleVerifier [0x00371990+527568]\n   \tOrdinal0 [0x0028080C+1837068]\n   \tOrdinal0 [0x00284CD8+1854680]\n   \tOrdinal0 [0x00284DC5+1854917]\n   \tOrdinal0 [0x0028ED64+1895780]\n   \tBaseThreadInitThunk [0x75D06739+25]\n   \tRtlGetFullPathName_UEx [0x77AD8FD2+1218]\n   \tRtlGetFullPathName_UEx [0x77AD8F9D+1165]\n   \t(No symbol) [0x00000000]\n               selenium.common.exceptions.NoSuchFrameException: Message: heartland-frame-cardNumber\n", "test_name": "test_01", "rerun": "0"}}, "suite_name": "TestCases/test_login.py"}}}, "date": "October 11, 2022", "start_time": 1665468777.6368885, "total_suite": 1, "status": "FAIL", "status_list": {"pass": "0", "fail": "1", "skip": "0", "error": "0", "xpass": "0", "xfail": "0", "rerun": "0"}, "total_tests": "1"}